2022-04-13 01:16:59.509: my pid: 21000
2022-04-13 01:16:59.510: model: model.general_recommender.SGL
2022-04-13 01:16:59.510: Dataset statistics:
Name: amazon-book
The number of users: 52643
The number of items: 91599
The number of ratings: 2984108
Average actions of users: 56.69
Average actions of items: 32.58
The sparsity of the dataset: 99.938115%

The number of training: 2380730
The number of validation: 0
The number of testing: 603378
2022-04-13 01:16:59.512: NeuRec:[NeuRec]:
recommender=SGL
dataset=amazon-book
file_column=UI
sep=','
gpu_id=0
gpu_mem=0.99
metric=["Precision", "Recall", "NDCG"]
top_k=[20]
test_thread=8
test_batch_size=128
seed=2021
start_testing_epoch=0

SGL:[hyperparameters]:
aug_type=ED
reg=1e-3
embed_size=64
n_layers=3
ssl_reg=0.5
ssl_ratio=0.1
ssl_temp=0.2
ssl_mode=both_side
lr=0.001
learner=adam
adj_type=pre
epochs=1000
batch_size=2048
num_negatives=1
param_init=xavier_uniform
stddev=0.01
verbose=1
stop_cnt=10
pretrain_flag=0
save_flag=0

Command line:
dataset=amazon-book
aug_type=ED
reg=1e-3
n_layers=3
ssl_reg=0.5
ssl_ratio=0.1
ssl_temp=0.2
2022-04-13 01:17:23.338: metrics:	Precision@20	Recall@20   	NDCG@20     
2022-04-13 01:23:25.892: [iter 1 : loss : 7.0305 = 0.6931 + 6.3374 + 0.0000, time: 362.553843]
2022-04-13 01:23:39.990: epoch 1:	0.00241078  	0.00507033  	0.00407281  
2022-04-13 01:23:39.991: Find a better model.
2022-04-13 01:29:44.832: [iter 2 : loss : 7.0207 = 0.6929 + 6.3278 + 0.0000, time: 364.786206]
2022-04-13 01:29:58.933: epoch 2:	0.00272900  	0.00591496  	0.00475843  
2022-04-13 01:29:58.933: Find a better model.
2022-04-13 01:36:00.943: [iter 3 : loss : 7.0194 = 0.6927 + 6.3267 + 0.0001, time: 361.935005]
2022-04-13 01:36:12.519: epoch 3:	0.00303488  	0.00654122  	0.00523322  
2022-04-13 01:36:12.519: Find a better model.
2022-04-13 01:42:11.739: [iter 4 : loss : 7.0186 = 0.6923 + 6.3261 + 0.0001, time: 359.173853]
2022-04-13 01:42:23.300: epoch 4:	0.00319541  	0.00699823  	0.00541188  
2022-04-13 01:42:23.301: Find a better model.
2022-04-13 01:48:22.255: [iter 5 : loss : 7.0178 = 0.6918 + 6.3259 + 0.0001, time: 358.914603]
2022-04-13 01:48:33.783: epoch 5:	0.00255042  	0.00575190  	0.00442876  
2022-04-13 01:54:33.130: [iter 6 : loss : 7.0167 = 0.6906 + 6.3258 + 0.0002, time: 359.309049]
2022-04-13 01:54:44.650: epoch 6:	0.00145044  	0.00344445  	0.00267536  
2022-04-13 02:00:43.294: [iter 7 : loss : 7.0148 = 0.6881 + 6.3264 + 0.0003, time: 358.606884]
2022-04-13 02:00:54.849: epoch 7:	0.00126142  	0.00305645  	0.00238799  
2022-04-13 02:06:53.793: [iter 8 : loss : 7.0098 = 0.6815 + 6.3277 + 0.0005, time: 358.906315]
2022-04-13 02:07:05.278: epoch 8:	0.00245922  	0.00594437  	0.00471405  
2022-04-13 02:13:04.034: [iter 9 : loss : 6.9926 = 0.6597 + 6.3318 + 0.0012, time: 358.717821]
2022-04-13 02:13:15.650: epoch 9:	0.00438275  	0.01063263  	0.00838427  
2022-04-13 02:13:15.650: Find a better model.
2022-04-13 02:19:14.825: [iter 10 : loss : 6.9477 = 0.6055 + 6.3392 + 0.0030, time: 359.134908]
2022-04-13 02:19:26.388: epoch 10:	0.00860080  	0.02059712  	0.01665779  
2022-04-13 02:19:26.389: Find a better model.
2022-04-13 02:25:25.294: [iter 11 : loss : 6.8588 = 0.5020 + 6.3499 + 0.0069, time: 358.867242]
2022-04-13 02:25:36.843: epoch 11:	0.01474846  	0.03462705  	0.02826667  
2022-04-13 02:25:36.844: Find a better model.
2022-04-13 02:31:36.046: [iter 12 : loss : 6.7477 = 0.3754 + 6.3595 + 0.0128, time: 359.163678]
2022-04-13 02:31:47.642: epoch 12:	0.01810094  	0.04240672  	0.03447516  
2022-04-13 02:31:47.643: Find a better model.
2022-04-13 02:37:46.445: [iter 13 : loss : 6.6554 = 0.2724 + 6.3637 + 0.0193, time: 358.764495]
2022-04-13 02:37:57.999: epoch 13:	0.01948371  	0.04617867  	0.03692583  
2022-04-13 02:37:57.999: Find a better model.
2022-04-13 02:43:57.307: [iter 14 : loss : 6.5896 = 0.2003 + 6.3636 + 0.0257, time: 359.269099]
2022-04-13 02:44:08.862: epoch 14:	0.01987233  	0.04734220  	0.03760837  
2022-04-13 02:44:08.863: Find a better model.
2022-04-13 02:50:07.930: [iter 15 : loss : 6.5452 = 0.1524 + 6.3613 + 0.0315, time: 359.028361]
2022-04-13 02:50:19.465: epoch 15:	0.02003291  	0.04798130  	0.03801999  
2022-04-13 02:50:19.466: Find a better model.
2022-04-13 02:56:18.577: [iter 16 : loss : 6.5149 = 0.1201 + 6.3581 + 0.0367, time: 359.072994]
2022-04-13 02:56:30.063: epoch 16:	0.02009747  	0.04842730  	0.03816679  
2022-04-13 02:56:30.064: Find a better model.
2022-04-13 03:02:29.107: [iter 17 : loss : 6.4945 = 0.0981 + 6.3551 + 0.0413, time: 359.004184]
2022-04-13 03:02:40.601: epoch 17:	0.02001856  	0.04836751  	0.03802671  
2022-04-13 03:08:39.802: [iter 18 : loss : 6.4802 = 0.0826 + 6.3523 + 0.0452, time: 359.162746]
2022-04-13 03:08:51.365: epoch 18:	0.01993019  	0.04824626  	0.03789068  
2022-04-13 03:14:50.081: [iter 19 : loss : 6.4701 = 0.0713 + 6.3502 + 0.0486, time: 358.678928]
2022-04-13 03:15:01.537: epoch 19:	0.01979812  	0.04808552  	0.03773400  
2022-04-13 03:21:00.789: [iter 20 : loss : 6.4626 = 0.0628 + 6.3482 + 0.0516, time: 359.213140]
2022-04-13 03:21:12.339: epoch 20:	0.01968694  	0.04784347  	0.03751967  
2022-04-13 03:27:11.254: [iter 21 : loss : 6.4573 = 0.0565 + 6.3467 + 0.0540, time: 358.875521]
2022-04-13 03:27:22.817: epoch 21:	0.01958814  	0.04772621  	0.03731532  
2022-04-13 03:33:22.163: [iter 22 : loss : 6.4530 = 0.0513 + 6.3455 + 0.0561, time: 359.308307]
2022-04-13 03:33:33.646: epoch 22:	0.01937914  	0.04728442  	0.03697030  
2022-04-13 03:39:32.370: [iter 23 : loss : 6.4498 = 0.0476 + 6.3444 + 0.0579, time: 358.684365]
2022-04-13 03:39:43.892: epoch 23:	0.01929936  	0.04716098  	0.03681742  
2022-04-13 03:45:43.095: [iter 24 : loss : 6.4476 = 0.0446 + 6.3435 + 0.0594, time: 359.165852]
2022-04-13 03:45:54.617: epoch 24:	0.01921578  	0.04696302  	0.03668394  
2022-04-13 03:51:53.283: [iter 25 : loss : 6.4456 = 0.0421 + 6.3429 + 0.0607, time: 358.625938]
2022-04-13 03:52:04.757: epoch 25:	0.01918157  	0.04699227  	0.03658790  
2022-04-13 03:58:03.866: [iter 26 : loss : 6.4442 = 0.0402 + 6.3423 + 0.0618, time: 359.069841]
2022-04-13 03:58:15.440: epoch 26:	0.01911412  	0.04684272  	0.03637578  
2022-04-13 03:58:15.441: Early stopping is trigger at epoch: 26
2022-04-13 03:58:15.441: best_result@epoch 16:

2022-04-13 03:58:15.442: 		0.0201      	0.0484      	0.0382      
